<?xml version="1.0" encoding="UTF-8"?>
<testng-results skipped="0" failed="0" ignored="0" total="1" passed="1">
  <reporter-output>
  </reporter-output>
  <suite name="Default suite" duration-ms="1382" started-at="2018-08-05T04:17:52Z" finished-at="2018-08-05T04:17:53Z">
    <groups>
    </groups>
    <test name="Default test" duration-ms="1382" started-at="2018-08-05T04:17:52Z" finished-at="2018-08-05T04:17:53Z">
      <class name="com.qa.rest.tests.GetcallBDD">
        <test-method status="PASS" signature="test_api_one()[pri:0, instance:com.qa.rest.tests.GetcallBDD@457e2f02]" name="test_api_one" duration-ms="1357" started-at="2018-08-05T04:17:52Z" finished-at="2018-08-05T04:17:53Z">
          <reporter-output>
          </reporter-output>
        </test-method> <!-- test_api_one -->
      </class> <!-- com.qa.rest.tests.GetcallBDD -->
    </test> <!-- Default test -->
  </suite> <!-- Default suite -->
</testng-results>
